<?xml version='1.0' encoding='UTF-8'?>
<testsuite hostname="C02SP6MPG8WN" name="DataStreamProcessingTest" tests="3" errors="0" failures="1" time="75.961">
                     <properties>
[...]
</properties>
                     <testcase classname="DataStreamProcessingTest" name="Data Stream Processor processes same number of messages as those queued" time="53.067">
                                                 <failure message="The code passed to eventually never returned normally. Attempted 41 times over 40.48152601699999 seconds. Last failure message: 229 was not equal to 77." type="org.scalatest.exceptions.TestFailedDueToTimeoutException">org.scalatest.exceptions.TestFailedDueToTimeoutException: The code passed to eventually never returned normally. Attempted 41 times over 40.48152601699999 seconds. Last failure message: 229 was not equal to 77.
	at org.scalatest.concurrent.Eventually$class.tryTryAgain$1(Eventually.scala:421)
	at org.scalatest.concurrent.Eventually$class.eventually(Eventually.scala:439)
	at org.scalatest.concurrent.Eventually$.eventually(Eventually.scala:479)
	at org.scalatest.concurrent.Eventually$class.eventually(Eventually.scala:337)
	at org.scalatest.concurrent.Eventually$.eventually(Eventually.scala:479)
	at DataStreamProcessingTest$$anonfun$1.apply(DataStreamProcessingTest.scala:38)
	at DataStreamProcessingTest$$anonfun$1.apply(DataStreamProcessingTest.scala:32)
	at org.scalatest.fixture.TestSuite$TestFunAndConfigMap$$anonfun$apply$1.apply(TestSuite.scala:132)
	at org.scalatest.OutcomeOf$class.outcomeOf(OutcomeOf.scala:85)
	at org.scalatest.OutcomeOf$.outcomeOf(OutcomeOf.scala:104)
	at org.scalatest.fixture.TestSuite$TestFunAndConfigMap.apply(TestSuite.scala:132)
	at DataStreamProcessingTest.withFixture(DataStreamProcessingTest.scala:22)
	at org.scalatest.fixture.FunSuiteLike$class.invokeWithFixture$1(FunSuiteLike.scala:241)
	at org.scalatest.fixture.FunSuiteLike$$anonfun$runTest$1.apply(FunSuiteLike.scala:252)
	at org.scalatest.fixture.FunSuiteLike$$anonfun$runTest$1.apply(FunSuiteLike.scala:252)
	at org.scalatest.SuperEngine.runTestImpl(Engine.scala:289)
	at org.scalatest.fixture.FunSuiteLike$class.runTest(FunSuiteLike.scala:252)
	at org.scalatest.fixture.FunSuite.runTest(FunSuite.scala:226)
	at org.scalatest.fixture.FunSuiteLike$$anonfun$runTests$1.apply(FunSuiteLike.scala:312)
	at org.scalatest.fixture.FunSuiteLike$$anonfun$runTests$1.apply(FunSuiteLike.scala:312)
	at org.scalatest.SuperEngine$$anonfun$traverseSubNodes$1$1.apply(Engine.scala:396)
	at org.scalatest.SuperEngine$$anonfun$traverseSubNodes$1$1.apply(Engine.scala:384)
	at scala.collection.immutable.List.foreach(List.scala:381)
	at org.scalatest.SuperEngine.traverseSubNodes$1(Engine.scala:384)
	at org.scalatest.SuperEngine.org$scalatest$SuperEngine$$runTestsInBranch(Engine.scala:379)
	at org.scalatest.SuperEngine.runTestsImpl(Engine.scala:461)
	at org.scalatest.fixture.FunSuiteLike$class.runTests(FunSuiteLike.scala:312)
	at org.scalatest.fixture.FunSuite.runTests(FunSuite.scala:226)
	at org.scalatest.Suite$class.run(Suite.scala:1147)
	at org.scalatest.fixture.FunSuite.org$scalatest$fixture$FunSuiteLike$$super$run(FunSuite.scala:226)
	at org.scalatest.fixture.FunSuiteLike$$anonfun$run$1.apply(FunSuiteLike.scala:316)
	at org.scalatest.fixture.FunSuiteLike$$anonfun$run$1.apply(FunSuiteLike.scala:316)
	at org.scalatest.SuperEngine.runImpl(Engine.scala:521)
	at org.scalatest.fixture.FunSuiteLike$class.run(FunSuiteLike.scala:316)
	at org.scalatest.fixture.FunSuite.run(FunSuite.scala:226)
	at org.scalatest.tools.Framework.org$scalatest$tools$Framework$$runSuite(Framework.scala:314)
	at org.scalatest.tools.Framework$ScalaTestTask.execute(Framework.scala:480)
	at sbt.TestRunner.runTest$1(TestFramework.scala:76)
	at sbt.TestRunner.run(TestFramework.scala:85)
	at sbt.TestFramework$$anon$2$$anonfun$$init$$1$$anonfun$apply$8.apply(TestFramework.scala:202)
	at sbt.TestFramework$$anon$2$$anonfun$$init$$1$$anonfun$apply$8.apply(TestFramework.scala:202)
	at sbt.TestFramework$.sbt$TestFramework$$withContextLoader(TestFramework.scala:185)
	at sbt.TestFramework$$anon$2$$anonfun$$init$$1.apply(TestFramework.scala:202)
	at sbt.TestFramework$$anon$2$$anonfun$$init$$1.apply(TestFramework.scala:202)
	at sbt.TestFunction.apply(TestFramework.scala:207)
	at sbt.Tests$$anonfun$9.apply(Tests.scala:216)
	at sbt.Tests$$anonfun$9.apply(Tests.scala:216)
	at sbt.std.Transform$$anon$3$$anonfun$apply$2.apply(System.scala:44)
	at sbt.std.Transform$$anon$3$$anonfun$apply$2.apply(System.scala:44)
	at sbt.std.Transform$$anon$4.work(System.scala:63)
	at sbt.Execute$$anonfun$submit$1$$anonfun$apply$1.apply(Execute.scala:226)
	at sbt.Execute$$anonfun$submit$1$$anonfun$apply$1.apply(Execute.scala:226)
	at sbt.ErrorHandling$.wideConvert(ErrorHandling.scala:17)
	at sbt.Execute.work(Execute.scala:235)
	at sbt.Execute$$anonfun$submit$1.apply(Execute.scala:226)
	at sbt.Execute$$anonfun$submit$1.apply(Execute.scala:226)
	at sbt.ConcurrentRestrictions$$anon$4$$anonfun$1.apply(ConcurrentRestrictions.scala:159)
	at sbt.CompletionService$$anon$2.call(CompletionService.scala:28)
	at java.util.concurrent.FutureTask.run(FutureTask.java:266)
	at java.util.concurrent.Executors$RunnableAdapter.call(Executors.java:511)
	at java.util.concurrent.FutureTask.run(FutureTask.java:266)
	at java.util.concurrent.ThreadPoolExecutor.runWorker(ThreadPoolExecutor.java:1142)
	at java.util.concurrent.ThreadPoolExecutor$Worker.run(ThreadPoolExecutor.java:617)
	at java.lang.Thread.run(Thread.java:745)
Caused by: org.scalatest.exceptions.TestFailedException: 229 was not equal to 77
	at org.scalatest.MatchersHelper$.indicateFailure(MatchersHelper.scala:340)
	at org.scalatest.Matchers$AnyShouldWrapper.shouldBe(Matchers.scala:6864)
	at DataStreamProcessingTest$$anonfun$1$$anonfun$apply$1.apply(DataStreamProcessingTest.scala:40)
	at DataStreamProcessingTest$$anonfun$1$$anonfun$apply$1.apply(DataStreamProcessingTest.scala:38)
	at org.scalatest.concurrent.Eventually$class.makeAValiantAttempt$1(Eventually.scala:395)
	at org.scalatest.concurrent.Eventually$class.tryTryAgain$1(Eventually.scala:409)
	... 63 more
</failure>
                                               </testcase><testcase classname="DataStreamProcessingTest" name="Messages should be placed on messaging queue and fetched by consumer" time="12.095">
                                                 
                                               </testcase><testcase classname="DataStreamProcessingTest" name="Message should be received and stored in database" time="10.799">
                                                 
                                               </testcase>
                     <system-out></system-out>
                     <system-err></system-err>
                   </testsuite>